<?xml version="1.0" encoding="UTF-8"?>
<testsuite name="test.java.ohtu.verkkokauppa.KauppaTest" tests="1" skipped="0" failures="0" errors="0" timestamp="2019-11-25T19:58:12" hostname="DESKTOP-B0REBA4" time="0.527">
  <properties/>
  <testcase name="ostoksenPaaytyttyaPankinMetodiaTilisiirtoKutsutaan" classname="test.java.ohtu.verkkokauppa.KauppaTest" time="0.527"/>
  <system-out><![CDATA[]]></system-out>
  <system-err><![CDATA[]]></system-err>
</testsuite>
