<?xml version="1.0" encoding="UTF-8"?>
<testsuite name="test.java.ohtu.verkkokauppa.KauppaTest" tests="6" skipped="0" failures="0" errors="0" timestamp="2019-11-25T20:30:09" hostname="DESKTOP-B0REBA4" time="1.181">
  <properties/>
  <testcase name="varmistaViiteNumeroJokaiselleMaksutapahtumalle" classname="test.java.ohtu.verkkokauppa.KauppaTest" time="1.161"/>
  <testcase name="ostoksenPaaytyttyaPankinMetodiaTilisiirtoKutsutaan" classname="test.java.ohtu.verkkokauppa.KauppaTest" time="0.003"/>
  <testcase name="aloitaAsiointiKutsuNollaaEdellisenOstosKorin" classname="test.java.ohtu.verkkokauppa.KauppaTest" time="0.003"/>
  <testcase name="ostetaanKaksiEriTuotettaJoistaToinenOnLoppuVarastosta" classname="test.java.ohtu.verkkokauppa.KauppaTest" time="0.003"/>
  <testcase name="ostetaanKaksiEriTuotetta" classname="test.java.ohtu.verkkokauppa.KauppaTest" time="0.004"/>
  <testcase name="ostetaanKaksiSamaaTuotetta" classname="test.java.ohtu.verkkokauppa.KauppaTest" time="0.007"/>
  <system-out><![CDATA[]]></system-out>
  <system-err><![CDATA[]]></system-err>
</testsuite>
