<?xml version="1.0" encoding="UTF-8"?>
<testsuite name="test.java.ohtu.verkkokauppa.KauppaTest" tests="4" skipped="0" failures="0" errors="0" timestamp="2019-11-25T20:17:23" hostname="DESKTOP-B0REBA4" time="0.49">
  <properties/>
  <testcase name="ostoksenPaaytyttyaPankinMetodiaTilisiirtoKutsutaan" classname="test.java.ohtu.verkkokauppa.KauppaTest" time="0.483"/>
  <testcase name="ostetaanKaksiEriTuotettaJoistaToinenOnLoppuVarastosta" classname="test.java.ohtu.verkkokauppa.KauppaTest" time="0.003"/>
  <testcase name="ostetaanKaksiEriTuotetta" classname="test.java.ohtu.verkkokauppa.KauppaTest" time="0.002"/>
  <testcase name="ostetaanKaksiSamaaTuotetta" classname="test.java.ohtu.verkkokauppa.KauppaTest" time="0.001"/>
  <system-out><![CDATA[]]></system-out>
  <system-err><![CDATA[]]></system-err>
</testsuite>
